[38;5;112m[Appium][0m Welcome to Appium v3.1.2
[38;5;112m[Appium][0m Non-default server args:
[38;5;112m[Appium][0m { basePath: [32m'/wd/hub'[39m, loglevel: [32m'info'[39m, port: [33m52793[39m }
[38;5;112m[Appium][0m Attempting to load driver uiautomator2...
[38;5;112m[Appium][0m Appium REST http interface listener started on http://0.0.0.0:52793/wd/hub
[38;5;112m[Appium][0m You can provide the following URLs in your client code to connect to this server:
	http://127.0.0.1:52793/wd/hub (only accessible from the same host)
	http://192.168.1.69:52793/wd/hub
[38;5;112m[Appium][0m Available drivers:
[38;5;112m[Appium][0m   - uiautomator2@6.7.1 (automationName 'UiAutomator2')
[38;5;112m[Appium][0m No plugins have been installed. Use the "appium plugin" command to install the one(s) you want to use.
[38;5;86m[HTTP][0m [37m-->[39m [37mGET[39m [37m/wd/hub/status[39m 
[38;5;86m[HTTP][0m <-- GET /wd/hub/status 200 17 ms - 110 
[38;5;86m[HTTP][0m [37m-->[39m [37mGET[39m [37m/wd/hub/status[39m 
[38;5;86m[HTTP][0m <-- GET /wd/hub/status 200 5 ms - 110 
[38;5;86m[HTTP][0m [37m-->[39m [37mPOST[39m [37m/wd/hub/session[39m {"capabilities":{"firstMatch":[{"appium:app":"/Users/fahmi/Downloads/app-fcm-debug.apk","appium:autoGrantPermissions":true,"appium:automationName":"uiautomator2","appium:deviceName":"emulator-5554 (sdk_gphone64_x86_64 - Android 14)","appium:fullReset":false,"appium:newCommandTimeout":1800,"appium:noReset":true,"appium:platformName":"ANDROID","appium:platformVersion":"14","appium:systemPort":52814,"appium:udid":"emulator-5554","platformName":"ANDROID"}]},"desiredCapabilities":{"appium:app":"/Users/fahmi/Downloads/app-fcm-debug.apk","appium:autoGrantPermissions":true,"appium:automationName":"uiautomator2","appium:deviceName":"emulator-5554 (sdk_gphone64_x86_64 - Android 14)","appium:fullReset":false,"appium:newCommandTimeout":1800,"appium:noReset":true,"appium:platformName":"ANDROID","appium:platformVersion":"14","appium:systemPort":52814,"appium:udid":"emulator-5554"}}
[38;5;123m[BaseDriver][0m The following arguments are not known and will be ignored: desiredCapabilities
[38;5;123m[BaseDriver][0m Ignoring capability 'appium:platformName=ANDROID' and using capability 'platformName=ANDROID'
[38;5;123m[BaseDriver][0m The capabilities ["platformName"] are standard capabilities and do not require "appium:" prefix
[38;5;112m[Appium][0m Attempting to find matching driver for automationName 'uiautomator2' and platformName 'ANDROID'
[38;5;112m[Appium][0m The 'uiautomator2' driver was installed and matched caps.
[38;5;112m[Appium][0m Will require it at /Users/fahmi/.appium/node_modules/appium-uiautomator2-driver
[38;5;107m[AppiumDriver@e43e][0m Appium v3.1.2 creating new AndroidUiautomator2Driver (v6.7.1) session
[38;5;107m[AppiumDriver@e43e][0m Checking BaseDriver versions for Appium and AndroidUiautomator2Driver
[38;5;107m[AppiumDriver@e43e][0m Appium's BaseDriver version is 10.1.2
[38;5;107m[AppiumDriver@e43e][0m AndroidUiautomator2Driver's BaseDriver version is 10.1.2
[38;5;177m[772d6a55][0m[38;5;-87m[AndroidUiautomator2Driver@35b0][0m Session created with session id: 772d6a55-f93b-459e-8684-501f3d235ac6
[38;5;177m[772d6a55][0m[38;5;229m[ADB][0m Found 1 'build-tools' folders under '/Users/fahmi/.katalon/tools/android_sdk' (newest first):
[38;5;177m[772d6a55][0m[38;5;229m[ADB][0m     /Users/fahmi/.katalon/tools/android_sdk/build-tools/29.0.3
[38;5;177m[772d6a55][0m[38;5;229m[ADB][0m Using 'adb' from '/Users/fahmi/.katalon/tools/android_sdk/platform-tools/adb'
[38;5;177m[772d6a55][0m[38;5;-87m[AndroidUiautomator2Driver@35b0][0m Retrieving device list
[38;5;177m[772d6a55][0m[38;5;-87m[AndroidUiautomator2Driver@35b0][0m Using device: emulator-5554
[38;5;177m[772d6a55][0m[38;5;229m[ADB][0m Using 'adb' from '/Users/fahmi/.katalon/tools/android_sdk/platform-tools/adb'
[38;5;177m[772d6a55][0m[38;5;123m[BaseDriver][0m Using local app '/Users/fahmi/Downloads/app-fcm-debug.apk'
[38;5;177m[772d6a55][0m[38;5;229m[ADB][0m Getting device platform version
[38;5;177m[772d6a55][0m[38;5;-87m[AndroidUiautomator2Driver@35b0][0m Relaxing hidden api policy
[38;5;177m[772d6a55][0m[38;5;229m[ADB][0m Using 'aapt2' from '/Users/fahmi/.katalon/tools/android_sdk/build-tools/29.0.3/aapt2'
[38;5;177m[772d6a55][0m[38;5;229m[ADB][0m Package name: 'id.com.uiux.mobile'
[38;5;177m[772d6a55][0m[38;5;229m[ADB][0m Main activity name: 'id.com.uiux.mobile.ui.SplashScreen.AppSplashActivity'
[38;5;177m[772d6a55][0m[38;5;-87m[AndroidUiautomator2Driver@35b0][0m Server packages are not going to be (re)installed
[38;5;177m[772d6a55][0m[38;5;229m[ADB][0m Using 'apksigner.jar' from '/Users/fahmi/.katalon/tools/android_sdk/build-tools/29.0.3/lib/apksigner.jar'
[38;5;177m[772d6a55][0m[38;5;229m[ADB][0m Adding packages ["io.appium.settings","io.appium.uiautomator2.server","io.appium.uiautomator2.server.test"] to Doze whitelist
[38;5;177m[772d6a55][0m[38;5;229m[ADB][0m '/Users/fahmi/Downloads/app-fcm-debug.apk' is signed with a non-default certificate
[38;5;177m[772d6a55][0m[38;5;229m[ADB][0m The application at '/Users/fahmi/Downloads/app-fcm-debug.apk' will not be cached, because the device under test has confirmed the support of streamed installs
[38;5;177m[772d6a55][0m[38;5;229m[ADB][0m The installation of 'app-fcm-debug.apk' took 6758ms
[38;5;177m[772d6a55][0m[38;5;-87m[AndroidUiautomator2Driver@35b0][0m Starting UIAutomator2 server 9.9.0
[38;5;177m[772d6a55][0m[38;5;-87m[AndroidUiautomator2Driver@35b0][0m Using UIAutomator2 server from '/Users/fahmi/.appium/node_modules/appium-uiautomator2-driver/node_modules/appium-uiautomator2-server/apks/appium-uiautomator2-server-v9.9.0.apk' and test from '/Users/fahmi/.appium/node_modules/appium-uiautomator2-driver/node_modules/appium-uiautomator2-server/apks/appium-uiautomator2-server-debug-androidTest.apk'
[38;5;177m[772d6a55][0m[38;5;-87m[AndroidUiautomator2Driver@35b0][0m Waiting up to 30000ms for UiAutomator2 to be online...
[38;5;177m[772d6a55][0m[38;5;-87m[AndroidUiautomator2Driver@35b0][0m socket hang up
[38;5;177m[772d6a55][0m[38;5;-87m[AndroidUiautomator2Driver@35b0][0m socket hang up
[38;5;177m[772d6a55][0m[38;5;-87m[AndroidUiautomator2Driver@35b0][0m socket hang up
[38;5;177m[772d6a55][0m[38;5;-87m[AndroidUiautomator2Driver@35b0][0m socket hang up
[38;5;177m[772d6a55][0m[38;5;-87m[AndroidUiautomator2Driver@35b0][0m socket hang up
[38;5;177m[772d6a55][0m[38;5;-87m[AndroidUiautomator2Driver@35b0][0m socket hang up
[38;5;177m[772d6a55][0m[38;5;-87m[AndroidUiautomator2Driver@35b0][0m socket hang up
[38;5;177m[772d6a55][0m[38;5;-87m[AndroidUiautomator2Driver@35b0][0m socket hang up
[38;5;177m[772d6a55][0m[38;5;-87m[AndroidUiautomator2Driver@35b0][0m socket hang up
[38;5;177m[772d6a55][0m[38;5;-87m[AndroidUiautomator2Driver@35b0][0m Determined the downstream protocol as 'W3C'
[38;5;177m[772d6a55][0m[38;5;-87m[AndroidUiautomator2Driver@35b0][0m Screen already unlocked, doing nothing
[38;5;177m[772d6a55][0m[38;5;-87m[AndroidUiautomator2Driver@35b0][0m Starting 'id.com.uiux.mobile/id.com.uiux.mobile.ui.SplashScreen.AppSplashActivity' and waiting for 'id.com.uiux.mobile/id.com.uiux.mobile.ui.SplashScreen.AppSplashActivity'
[38;5;177m[772d6a55][0m[38;5;107m[AppiumDriver@e43e][0m New AndroidUiautomator2Driver session created successfully, session 772d6a55-f93b-459e-8684-501f3d235ac6 added to master session list
[38;5;177m[772d6a55][0m[38;5;86m[HTTP][0m <-- POST /wd/hub/session 200 42235 ms - 1268 
[38;5;86m[HTTP][0m [37m-->[39m [37mGET[39m [37m/status[39m 
[38;5;86m[HTTP][0m <-- GET /status 404 18 ms - 2416 
[38;5;177m[772d6a55][0m[38;5;86m[HTTP][0m [37m-->[39m [37mPOST[39m [37m/wd/hub/session/772d6a55-f93b-459e-8684-501f3d235ac6/timeouts[39m {"implicit":60000}
[38;5;177m[772d6a55][0m[38;5;86m[HTTP][0m <-- POST /wd/hub/session/772d6a55-f93b-459e-8684-501f3d235ac6/timeouts 200 5 ms - 14 
[38;5;177m[772d6a55][0m[38;5;86m[HTTP][0m [37m-->[39m [37mGET[39m [37m/wd/hub/session/772d6a55-f93b-459e-8684-501f3d235ac6/source[39m {}
[38;5;177m[772d6a55][0m[38;5;-87m[AndroidUiautomator2Driver@35b0][0m Driver proxy active, passing request on via HTTP proxy
[38;5;177m[772d6a55][0m[38;5;-87m[AndroidUiautomator2Driver@35b0][0m Replacing sessionId 6950157c-2886-4898-958f-bc78f60d0e72 with 772d6a55-f93b-459e-8684-501f3d235ac6
[38;5;177m[772d6a55][0m[38;5;86m[HTTP][0m <-- GET /wd/hub/session/772d6a55-f93b-459e-8684-501f3d235ac6/source 200 1719 ms - 8125 
[38;5;177m[772d6a55][0m[38;5;86m[HTTP][0m [37m-->[39m [37mGET[39m [37m/wd/hub/session/772d6a55-f93b-459e-8684-501f3d235ac6/screenshot[39m {}
[38;5;177m[772d6a55][0m[38;5;86m[HTTP][0m <-- GET /wd/hub/session/772d6a55-f93b-459e-8684-501f3d235ac6/screenshot 200 4469 ms - 1378792 
[38;5;177m[772d6a55][0m[38;5;86m[HTTP][0m [37m-->[39m [37mGET[39m [37m/wd/hub/session/772d6a55-f93b-459e-8684-501f3d235ac6/source[39m {}
[38;5;177m[772d6a55][0m[38;5;-87m[AndroidUiautomator2Driver@35b0][0m Driver proxy active, passing request on via HTTP proxy
[38;5;177m[772d6a55][0m[38;5;-87m[AndroidUiautomator2Driver@35b0][0m Replacing sessionId 6950157c-2886-4898-958f-bc78f60d0e72 with 772d6a55-f93b-459e-8684-501f3d235ac6
[38;5;177m[772d6a55][0m[38;5;86m[HTTP][0m <-- GET /wd/hub/session/772d6a55-f93b-459e-8684-501f3d235ac6/source 200 418 ms - 34868 
[38;5;177m[772d6a55][0m[38;5;86m[HTTP][0m [37m-->[39m [37mGET[39m [37m/wd/hub/session/772d6a55-f93b-459e-8684-501f3d235ac6/screenshot[39m {}
[38;5;177m[772d6a55][0m[38;5;86m[HTTP][0m <-- GET /wd/hub/session/772d6a55-f93b-459e-8684-501f3d235ac6/screenshot 200 2403 ms - 1120556 
